Tue Nov 16 12:34:03 2021 :: Starting API signUp with inputs:
{'username': 'johndoe123', 'firstName': 'Antonio', 'lastName': 'Gonzalez', 'password': 'Afs321!23 ', 'membershipCode': '0'}
There was an error signing up user johndoe123 using the api with exception:
 Exception: Username already exists 


Tue Nov 16 12:34:03 2021 :: Starting API signUp with inputs:
{'username': 'donnaWhite', 'firstName': 'Donna', 'lastName': 'White', 'password': 'Afs321!23', 'membershipCode': '0'}
There was an error signing up user donnaWhite using the api with exception:
 Exception: Username already exists 


Tue Nov 16 12:34:03 2021 :: Starting API signUp with inputs:
{'username': 'LazytoCode', 'firstName': 'Lazy', 'lastName': 'Coder', 'password': 'Afs321!23', 'membershipCode': '0'}
There was an error signing up user LazytoCode using the api with exception:
 Exception: Username already exists 


Tue Nov 16 12:34:03 2021 :: Starting API signUp with inputs:
{'username': 'TheFinalCountdown', 'firstName': 'Final', 'lastName': 'Countdown', 'password': 'Afs321!23', 'membershipCode': '0'}
There was an error signing up user TheFinalCountdown using the api with exception:
 Exception: Username already exists 


Tue Nov 16 12:34:03 2021 :: Starting API signUp with inputs:
{'username': 'BrilliantDiamond', 'firstName': 'Brilliant', 'lastName': 'Diamond', 'password': 'Afs321!23', 'membershipCode': '0'}
There was an error signing up user BrilliantDiamond using the api with exception:
 Exception: Username already exists 


Tue Nov 16 12:34:03 2021 :: Starting API signUp with inputs:
{'username': 'ShiningPearl', 'firstName': 'Shining', 'lastName': 'Pearl', 'password': 'Afs321!23', 'membershipCode': '0'}
There was an error signing up user ShiningPearl using the api with exception:
 Exception: Username already exists 


Tue Nov 16 12:34:03 2021 :: Starting API newJobs with inputs:
{'title': 'Software Engineer', 'description': "Become a Software Engineer today with Pokemon!\nIt's one of the best positions out there!\nTrust us!", 'poster name': 'BrilliantDiamond', 'employer': 'Pokemon', 'location': 'Tokyo, Japan', 'salary': '80000'}
There was an error posting job Software Engineer using the api with exception:
 Exception: There are already a maximum number of jobs 


Tue Nov 16 12:34:03 2021 :: Starting API newJobs with inputs:
{'title': 'Tester', 'description': "Become a tester and make sure the code isn't crappy!", 'poster name': 'ShiningPearl', 'employer': 'Pokemon', 'location': 'Tokyo, Japan', 'salary': '80000'}
There was an error posting job Tester using the api with exception:
 Exception: There are already a maximum number of jobs 


Tue Nov 16 12:34:03 2021 :: Starting API training with inputs:
 title:1000 ways to succeed
error while inserting training 1000 ways to succeed:
UNIQUE constraint failed: trainings.title


Tue Nov 16 12:34:03 2021 :: Starting API training with inputs:
 title:How to Ace that Interview
error while inserting training How to Ace that Interview:
UNIQUE constraint failed: trainings.title


Tue Nov 16 12:34:03 2021 :: Starting API training with inputs:
 title:How to be better than the next guy
error while inserting training How to be better than the next guy:
UNIQUE constraint failed: trainings.title


Tue Nov 16 12:34:03 2021 :: Starting API training with inputs:
 title:ALl about that Agile
error while inserting training ALl about that Agile:
UNIQUE constraint failed: trainings.title


Tue Nov 16 12:34:03 2021 :: Starting API training with inputs:
 title:Technical v. Behavioral
error while inserting training Technical v. Behavioral:
UNIQUE constraint failed: trainings.title


Tue Nov 16 12:34:03 2021 :: Starting API training with inputs:
 title:
error while inserting training :
UNIQUE constraint failed: trainings.title


Tue Nov 16 12:34:03 2021 :: Starting API jobs:
successfully wrote jobs to file


Tue Nov 16 12:34:03 2021 :: Starting API profiles for user ('homer',)
Successfully wrote profiles to file


Tue Nov 16 12:36:20 2021 :: Starting API signUp with inputs:
{'username': 'johndoe123', 'firstName': 'Antonio', 'lastName': 'Gonzalez', 'password': 'Afs321!23 ', 'membershipCode': '0'}
There was an error signing up user johndoe123 using the api with exception:
 Exception: Username already exists 


Tue Nov 16 12:36:20 2021 :: Starting API signUp with inputs:
{'username': 'donnaWhite', 'firstName': 'Donna', 'lastName': 'White', 'password': 'Afs321!23', 'membershipCode': '0'}
There was an error signing up user donnaWhite using the api with exception:
 Exception: Username already exists 


Tue Nov 16 12:36:20 2021 :: Starting API signUp with inputs:
{'username': 'LazytoCode', 'firstName': 'Lazy', 'lastName': 'Coder', 'password': 'Afs321!23', 'membershipCode': '0'}
There was an error signing up user LazytoCode using the api with exception:
 Exception: Username already exists 


Tue Nov 16 12:36:20 2021 :: Starting API signUp with inputs:
{'username': 'TheFinalCountdown', 'firstName': 'Final', 'lastName': 'Countdown', 'password': 'Afs321!23', 'membershipCode': '0'}
There was an error signing up user TheFinalCountdown using the api with exception:
 Exception: Username already exists 


Tue Nov 16 12:36:20 2021 :: Starting API signUp with inputs:
{'username': 'BrilliantDiamond', 'firstName': 'Brilliant', 'lastName': 'Diamond', 'password': 'Afs321!23', 'membershipCode': '0'}
There was an error signing up user BrilliantDiamond using the api with exception:
 Exception: Username already exists 


Tue Nov 16 12:36:20 2021 :: Starting API signUp with inputs:
{'username': 'ShiningPearl', 'firstName': 'Shining', 'lastName': 'Pearl', 'password': 'Afs321!23', 'membershipCode': '0'}
There was an error signing up user ShiningPearl using the api with exception:
 Exception: Username already exists 


Tue Nov 16 12:36:20 2021 :: Starting API newJobs with inputs:
{'title': 'Software Engineer', 'description': "Become a Software Engineer today with Pokemon!\nIt's one of the best positions out there!\nTrust us!", 'poster name': 'BrilliantDiamond', 'employer': 'Pokemon', 'location': 'Tokyo, Japan', 'salary': '80000'}
There was an error posting job Software Engineer using the api with exception:
 Exception: There are already a maximum number of jobs 


Tue Nov 16 12:36:20 2021 :: Starting API newJobs with inputs:
{'title': 'Tester', 'description': "Become a tester and make sure the code isn't crappy!", 'poster name': 'ShiningPearl', 'employer': 'Pokemon', 'location': 'Tokyo, Japan', 'salary': '80000'}
There was an error posting job Tester using the api with exception:
 Exception: There are already a maximum number of jobs 


Tue Nov 16 12:36:20 2021 :: Starting API training with inputs:
 title:1000 ways to succeed
error while inserting training 1000 ways to succeed:
UNIQUE constraint failed: trainings.title


Tue Nov 16 12:36:20 2021 :: Starting API training with inputs:
 title:How to Ace that Interview
error while inserting training How to Ace that Interview:
UNIQUE constraint failed: trainings.title


Tue Nov 16 12:36:20 2021 :: Starting API training with inputs:
 title:How to be better than the next guy
error while inserting training How to be better than the next guy:
UNIQUE constraint failed: trainings.title


Tue Nov 16 12:36:20 2021 :: Starting API training with inputs:
 title:ALl about that Agile
error while inserting training ALl about that Agile:
UNIQUE constraint failed: trainings.title


Tue Nov 16 12:36:20 2021 :: Starting API training with inputs:
 title:Technical v. Behavioral
error while inserting training Technical v. Behavioral:
UNIQUE constraint failed: trainings.title


Tue Nov 16 12:36:20 2021 :: Starting API training with inputs:
 title:
error while inserting training :
UNIQUE constraint failed: trainings.title


Tue Nov 16 12:36:20 2021 :: Starting API jobs:
successfully wrote jobs to file


Tue Nov 16 12:36:20 2021 :: Starting API profiles for user ('homer',)
Successfully wrote profiles to file


Tue Nov 16 12:41:58 2021 :: Starting API profiles for user ('Bob',)
Successfully wrote profiles to file


Tue Nov 16 12:41:58 2021 :: Starting API jobs:
successfully wrote jobs to file


Tue Nov 16 12:41:58 2021 :: Starting API jobs:
successfully wrote jobs to file


Tue Nov 16 12:41:58 2021 :: Starting API jobs:
successfully wrote jobs to file


Tue Nov 16 12:41:58 2021 :: Starting API jobs:
successfully wrote jobs to file


Tue Nov 16 12:41:58 2021 :: Starting API profiles for user ('homer',)
Successfully wrote profiles to file


Tue Nov 16 12:41:58 2021 :: Starting API profiles for user ('homer',)
Successfully wrote profiles to file


Tue Nov 16 12:42:09 2021 :: Starting API signUp with inputs:
{'username': 'johndoe123', 'firstName': 'Antonio', 'lastName': 'Gonzalez', 'password': 'Afs321!23 ', 'membershipCode': '0'}
There was an error signing up user johndoe123 using the api with exception:
 Exception: Username already exists 


Tue Nov 16 12:42:09 2021 :: Starting API signUp with inputs:
{'username': 'donnaWhite', 'firstName': 'Donna', 'lastName': 'White', 'password': 'Afs321!23', 'membershipCode': '0'}
There was an error signing up user donnaWhite using the api with exception:
 Exception: Username already exists 


Tue Nov 16 12:42:09 2021 :: Starting API signUp with inputs:
{'username': 'LazytoCode', 'firstName': 'Lazy', 'lastName': 'Coder', 'password': 'Afs321!23', 'membershipCode': '0'}
There was an error signing up user LazytoCode using the api with exception:
 Exception: Username already exists 


Tue Nov 16 12:42:09 2021 :: Starting API signUp with inputs:
{'username': 'TheFinalCountdown', 'firstName': 'Final', 'lastName': 'Countdown', 'password': 'Afs321!23', 'membershipCode': '0'}
There was an error signing up user TheFinalCountdown using the api with exception:
 Exception: Username already exists 


Tue Nov 16 12:42:09 2021 :: Starting API signUp with inputs:
{'username': 'BrilliantDiamond', 'firstName': 'Brilliant', 'lastName': 'Diamond', 'password': 'Afs321!23', 'membershipCode': '0'}
There was an error signing up user BrilliantDiamond using the api with exception:
 Exception: Username already exists 


Tue Nov 16 12:42:09 2021 :: Starting API signUp with inputs:
{'username': 'ShiningPearl', 'firstName': 'Shining', 'lastName': 'Pearl', 'password': 'Afs321!23', 'membershipCode': '0'}
There was an error signing up user ShiningPearl using the api with exception:
 Exception: Username already exists 


Tue Nov 16 12:42:09 2021 :: Starting API newJobs with inputs:
{'title': 'Software Engineer', 'description': "Become a Software Engineer today with Pokemon!\nIt's one of the best positions out there!\nTrust us!", 'poster name': 'BrilliantDiamond', 'employer': 'Pokemon', 'location': 'Tokyo, Japan', 'salary': '80000'}
There was an error posting job Software Engineer using the api with exception:
 Exception: There are already a maximum number of jobs 


Tue Nov 16 12:42:09 2021 :: Starting API newJobs with inputs:
{'title': 'Tester', 'description': "Become a tester and make sure the code isn't crappy!", 'poster name': 'ShiningPearl', 'employer': 'Pokemon', 'location': 'Tokyo, Japan', 'salary': '80000'}
There was an error posting job Tester using the api with exception:
 Exception: There are already a maximum number of jobs 


Tue Nov 16 12:42:09 2021 :: Starting API training with inputs:
 title:1000 ways to succeed
error while inserting training 1000 ways to succeed:
UNIQUE constraint failed: trainings.title


Tue Nov 16 12:42:09 2021 :: Starting API training with inputs:
 title:How to Ace that Interview
error while inserting training How to Ace that Interview:
UNIQUE constraint failed: trainings.title


Tue Nov 16 12:42:09 2021 :: Starting API training with inputs:
 title:How to be better than the next guy
error while inserting training How to be better than the next guy:
UNIQUE constraint failed: trainings.title


Tue Nov 16 12:42:09 2021 :: Starting API training with inputs:
 title:ALl about that Agile
error while inserting training ALl about that Agile:
UNIQUE constraint failed: trainings.title


Tue Nov 16 12:42:09 2021 :: Starting API training with inputs:
 title:Technical v. Behavioral
error while inserting training Technical v. Behavioral:
UNIQUE constraint failed: trainings.title


Tue Nov 16 12:42:09 2021 :: Starting API training with inputs:
 title:
error while inserting training :
UNIQUE constraint failed: trainings.title


Tue Nov 16 12:42:09 2021 :: Starting API jobs:
successfully wrote jobs to file


Tue Nov 16 12:42:09 2021 :: Starting API profiles for user ('homer',)
Successfully wrote profiles to file


